<?xml version="1.0" encoding="UTF-8"?>
<robot generator="Robot 4.0.1 (Python 3.9.4 on win32)" generated="20210502 20:19:32.978" rpa="false" schemaversion="2">
<suite id="s1" name="Amazon" source="C:\Working\Code\robot-framework\robot-framework\tests\amazon.robot">
<test id="s1-t1" name="User must sign in to check out">
<kw name="Open Browser" library="Selenium2Library">
<arg>http://www.amazon.com</arg>
<arg>chrome</arg>
<doc>Opens a new browser instance to the optional ``url``.</doc>
<msg timestamp="20210502 20:19:33.178" level="INFO">Opening browser 'chrome' to base url 'http://www.amazon.com'.</msg>
<status status="PASS" starttime="20210502 20:19:33.178" endtime="20210502 20:19:38.804"/>
</kw>
<kw name="Wait Until Page Contains" library="Selenium2Library">
<arg>Customer Service</arg>
<doc>Waits until ``text`` appears on the current page.</doc>
<status status="PASS" starttime="20210502 20:19:38.805" endtime="20210502 20:19:38.834"/>
</kw>
<kw name="Input Text" library="Selenium2Library">
<arg>id=twotabsearchtextbox</arg>
<arg>Ferrari 458</arg>
<doc>Types the given ``text`` into the text field identified by ``locator``.</doc>
<msg timestamp="20210502 20:19:38.835" level="INFO">Typing text 'Ferrari 458' into text field 'id=twotabsearchtextbox'.</msg>
<status status="PASS" starttime="20210502 20:19:38.834" endtime="20210502 20:19:38.919"/>
</kw>
<kw name="Click Button" library="Selenium2Library">
<arg>id=nav-search-submit-button</arg>
<doc>Clicks the button identified by ``locator``.</doc>
<msg timestamp="20210502 20:19:38.919" level="INFO">Clicking button 'id=nav-search-submit-button'.</msg>
<status status="PASS" starttime="20210502 20:19:38.919" endtime="20210502 20:19:44.760"/>
</kw>
<kw name="Wait Until Page Contains" library="Selenium2Library">
<arg>results for "Ferrari 458"</arg>
<doc>Waits until ``text`` appears on the current page.</doc>
<status status="PASS" starttime="20210502 20:19:44.761" endtime="20210502 20:19:44.781"/>
</kw>
<kw name="Click Link" library="Selenium2Library">
<arg>xpath=//*[@id="search"]/div[1]/div/div[1]/div/span[3]/div[2]/div[2]/div/span/div/div/div/div/div[2]/h2/a</arg>
<doc>Clicks a link identified by ``locator``.</doc>
<msg timestamp="20210502 20:19:44.782" level="INFO">Clicking link 'xpath=//*[@id="search"]/div[1]/div/div[1]/div/span[3]/div[2]/div[2]/div/span/div/div/div/div/div[2]/h2/a'.</msg>
<status status="PASS" starttime="20210502 20:19:44.782" endtime="20210502 20:19:52.277"/>
</kw>
<kw name="Wait Until Page Contains" library="Selenium2Library">
<arg>Back to results</arg>
<doc>Waits until ``text`` appears on the current page.</doc>
<status status="PASS" starttime="20210502 20:19:52.277" endtime="20210502 20:19:52.314"/>
</kw>
<kw name="Click Button" library="Selenium2Library">
<arg>id=add-to-cart-button</arg>
<doc>Clicks the button identified by ``locator``.</doc>
<msg timestamp="20210502 20:19:52.315" level="INFO">Clicking button 'id=add-to-cart-button'.</msg>
<status status="PASS" starttime="20210502 20:19:52.315" endtime="20210502 20:19:57.738"/>
</kw>
<kw name="Wait Until Page Contains" library="Selenium2Library">
<arg>Added to Cart</arg>
<doc>Waits until ``text`` appears on the current page.</doc>
<status status="PASS" starttime="20210502 20:19:57.739" endtime="20210502 20:19:57.750"/>
</kw>
<kw name="Click Link" library="Selenium2Library">
<arg>xpath=//*[@id="hlb-ptc-btn-native"]</arg>
<doc>Clicks a link identified by ``locator``.</doc>
<msg timestamp="20210502 20:19:57.751" level="INFO">Clicking link 'xpath=//*[@id="hlb-ptc-btn-native"]'.</msg>
<status status="PASS" starttime="20210502 20:19:57.751" endtime="20210502 20:20:00.560"/>
</kw>
<kw name="Wait Until Page Contains" library="Selenium2Library">
<arg>Sign-In</arg>
<doc>Waits until ``text`` appears on the current page.</doc>
<status status="PASS" starttime="20210502 20:20:00.561" endtime="20210502 20:20:00.572"/>
</kw>
<kw name="Close Browser" library="Selenium2Library">
<doc>Closes the current browser.</doc>
<status status="PASS" starttime="20210502 20:20:00.573" endtime="20210502 20:20:02.712"/>
</kw>
<doc>Can open with Google Chrome</doc>
<tag>Smoke</tag>
<status status="PASS" starttime="20210502 20:19:33.177" endtime="20210502 20:20:02.713"/>
</test>
<doc>Amazon web automate tests</doc>
<status status="PASS" starttime="20210502 20:19:32.980" endtime="20210502 20:20:02.714"/>
</suite>
<statistics>
<total>
<stat pass="1" fail="0" skip="0">All Tests</stat>
</total>
<tag>
<stat pass="1" fail="0" skip="0">Smoke</stat>
</tag>
<suite>
<stat pass="1" fail="0" skip="0" id="s1" name="Amazon">Amazon</stat>
</suite>
</statistics>
<errors>
</errors>
</robot>
