<?xml version="1.0" encoding="UTF-8"?>
<robot generator="Robot 4.0.1 (Python 3.9.4 on win32)" generated="20210502 16:01:43.869" rpa="false" schemaversion="2">
<suite id="s1" name="Amazon" source="C:\Working\Code\robot-framework\robot-framework\tests\amazon.robot">
<test id="s1-t1" name="User must sign in to check out">
<kw name="Open Browser" library="Selenium2Library">
<arg>http://www.amazon.com</arg>
<arg>chrome</arg>
<doc>Opens a new browser instance to the optional ``url``.</doc>
<msg timestamp="20210502 16:01:44.069" level="INFO">Opening browser 'chrome' to base url 'http://www.amazon.com'.</msg>
<status status="PASS" starttime="20210502 16:01:44.069" endtime="20210502 16:01:53.280"/>
</kw>
<kw name="Wait Until Page Contains" library="Selenium2Library">
<arg>Customer Service</arg>
<doc>Waits until ``text`` appears on the current page.</doc>
<status status="PASS" starttime="20210502 16:01:53.281" endtime="20210502 16:01:53.296"/>
</kw>
<kw name="Close Browser" library="Selenium2Library">
<doc>Closes the current browser.</doc>
<status status="PASS" starttime="20210502 16:01:53.297" endtime="20210502 16:01:55.399"/>
</kw>
<doc>Can open with Google Chrome</doc>
<tag>Smoke</tag>
<status status="PASS" starttime="20210502 16:01:44.068" endtime="20210502 16:01:55.400"/>
</test>
<doc>Amazon web automate tests</doc>
<status status="PASS" starttime="20210502 16:01:43.870" endtime="20210502 16:01:55.401"/>
</suite>
<statistics>
<total>
<stat pass="1" fail="0" skip="0">All Tests</stat>
</total>
<tag>
<stat pass="1" fail="0" skip="0">Smoke</stat>
</tag>
<suite>
<stat pass="1" fail="0" skip="0" id="s1" name="Amazon">Amazon</stat>
</suite>
</statistics>
<errors>
</errors>
</robot>
